<?xml version="1.0" encoding="UTF-8"?>
<!-- Generated by org.testng.reporters.JUnitXMLReporter -->
<testsuite ignored="0" hostname="Sushants-MacBook-Air.local" failures="1" tests="7" name="Sanity on roofing" time="217.14" errors="0" timestamp="2021-09-04T09:22:02 GMT-04:00">
  <testcase classname="com.rsw.qa.testcases.LoginTest" name="checkTitleLogin" time="0.022"/>
  <testcase classname="com.rsw.qa.testcases.LoginTest" name="checklLogoApplication" time="0.089"/>
  <testcase classname="com.rsw.qa.testcases.LoginTest" name="checkContinueButton" time="0.332"/>
  <testcase classname="com.rsw.qa.testcases.PasscodeTestQA" name="verifyGetTitlePasscode" time="0.007"/>
  <testcase classname="com.rsw.qa.testcases.PasscodeTestQA" name="verifyEnterPasscode" time="4.17"/>
  <testcase classname="com.rsw.qa.testcases.HomePageTest" name="verifyHomePageTitileText" time="7.795"/>
  <testcase classname="com.rsw.qa.testcases.HomePageTest" name="verifyInspectionTabClick" time="15.225">
    <failure type="org.openqa.selenium.ElementClickInterceptedException" message="element click intercepted: Element &amp;lt;a class=&amp;quot;col lg-card clickable-card&amp;quot; id=&amp;quot;inspections&amp;quot; style=&amp;quot;padding-left: 0px !important; padding-bottom: 0.15rem !important;&amp;quot; href=&amp;quot;/RoofingSouthwestV1/todaysinspection/MWVjMzI1MTA3YjUyMDU0NmYyYTRhNDI5XzU4NDk0Mjg3NjM0ZmRhNzUyMWEyOGFmZV9BbW9sIEtoYXJhdF8xNjMwNDgwMTUxOTg4X01UWXpNRFE0TURFMU1UazRPQT09XzU4NGZkOTI2YmFhZTc3NGE2M2Q3YjEwNl9wcm9qZWN0bWFuYWdlcg@@/todaysinspection&amp;quot;&amp;gt;...&amp;lt;/a&amp;gt; is not clickable at point (896, 161). Other element would receive the click: &amp;lt;div id=&amp;quot;display_loading&amp;quot; class=&amp;quot;&amp;quot;&amp;gt;...&amp;lt;/div&amp;gt;
  (Session info: chrome=93.0.4577.63)
Build info: version: &amp;apos;3.141.59&amp;apos;, revision: &amp;apos;e82be7d358&amp;apos;, time: &amp;apos;2018-11-14T08:17:03&amp;apos;
System info: host: &amp;apos;Sushants-MacBook-Air.local&amp;apos;, ip: &amp;apos;fe80:0:0:0:c1:8b8d:14cb:4848%en0&amp;apos;, os.name: &amp;apos;Mac OS X&amp;apos;, os.arch: &amp;apos;x86_64&amp;apos;, os.version: &amp;apos;11.3&amp;apos;, java.version: &amp;apos;16.0.1&amp;apos;
Driver info: org.openqa.selenium.chrome.ChromeDriver
Capabilities {acceptInsecureCerts: false, browserName: chrome, browserVersion: 93.0.4577.63, chrome: {chromedriverVersion: 93.0.4577.15 (660fc11082ba5..., userDataDir: /var/folders/4y/9s9_vhfx1lb...}, goog:chromeOptions: {debuggerAddress: localhost:54020}, javascriptEnabled: true, networkConnectionEnabled: false, pageLoadStrategy: normal, platform: MAC, platformName: MAC, proxy: Proxy(), setWindowRect: true, strictFileInteractability: false, timeouts: {implicit: 0, pageLoad: 300000, script: 30000}, unhandledPromptBehavior: dismiss and notify, webauthn:extension:credBlob: true, webauthn:extension:largeBlob: true, webauthn:virtualAuthenticators: true}
Session ID: 211d0870b862a9b3b200f78e8d708010">
      <![CDATA[org.openqa.selenium.ElementClickInterceptedException: element click intercepted: Element <a class="col lg-card clickable-card" id="inspections" style="padding-left: 0px !important; padding-bottom: 0.15rem !important;" href="/RoofingSouthwestV1/todaysinspection/MWVjMzI1MTA3YjUyMDU0NmYyYTRhNDI5XzU4NDk0Mjg3NjM0ZmRhNzUyMWEyOGFmZV9BbW9sIEtoYXJhdF8xNjMwNDgwMTUxOTg4X01UWXpNRFE0TURFMU1UazRPQT09XzU4NGZkOTI2YmFhZTc3NGE2M2Q3YjEwNl9wcm9qZWN0bWFuYWdlcg@@/todaysinspection">...</a> is not clickable at point (896, 161). Other element would receive the click: <div id="display_loading" class="">...</div>
  (Session info: chrome=93.0.4577.63)
Build info: version: '3.141.59', revision: 'e82be7d358', time: '2018-11-14T08:17:03'
System info: host: 'Sushants-MacBook-Air.local', ip: 'fe80:0:0:0:c1:8b8d:14cb:4848%en0', os.name: 'Mac OS X', os.arch: 'x86_64', os.version: '11.3', java.version: '16.0.1'
Driver info: org.openqa.selenium.chrome.ChromeDriver
Capabilities {acceptInsecureCerts: false, browserName: chrome, browserVersion: 93.0.4577.63, chrome: {chromedriverVersion: 93.0.4577.15 (660fc11082ba5..., userDataDir: /var/folders/4y/9s9_vhfx1lb...}, goog:chromeOptions: {debuggerAddress: localhost:54020}, javascriptEnabled: true, networkConnectionEnabled: false, pageLoadStrategy: normal, platform: MAC, platformName: MAC, proxy: Proxy(), setWindowRect: true, strictFileInteractability: false, timeouts: {implicit: 0, pageLoad: 300000, script: 30000}, unhandledPromptBehavior: dismiss and notify, webauthn:extension:credBlob: true, webauthn:extension:largeBlob: true, webauthn:virtualAuthenticators: true}
Session ID: 211d0870b862a9b3b200f78e8d708010
at org.openqa.selenium.remote.http.W3CHttpResponseCodec.createException(W3CHttpResponseCodec.java:187)
at org.openqa.selenium.remote.http.W3CHttpResponseCodec.decode(W3CHttpResponseCodec.java:122)
at org.openqa.selenium.remote.http.W3CHttpResponseCodec.decode(W3CHttpResponseCodec.java:49)
at org.openqa.selenium.remote.HttpCommandExecutor.execute(HttpCommandExecutor.java:158)
at org.openqa.selenium.remote.service.DriverCommandExecutor.execute(DriverCommandExecutor.java:83)
at org.openqa.selenium.remote.RemoteWebDriver.execute(RemoteWebDriver.java:552)
at org.openqa.selenium.remote.RemoteWebElement.execute(RemoteWebElement.java:285)
at org.openqa.selenium.remote.RemoteWebElement.click(RemoteWebElement.java:84)
at org.openqa.selenium.support.pagefactory.internal.LocatingElementHandler.invoke(LocatingElementHandler.java:51)
at jdk.proxy2/jdk.proxy2.$Proxy12.click(Unknown Source)
at com.rsw.qa.pages.HomePagePages.clickInspectionTab(HomePagePages.java:39)
at com.rsw.qa.testcases.HomePageTest.verifyInspectionTabClick(HomePageTest.java:48)
at java.base/java.util.ArrayList.forEach(ArrayList.java:1511)
... Removed 36 stack frames]]>
    </failure>
  </testcase> <!-- verifyInspectionTabClick -->
</testsuite> <!-- Sanity on roofing -->
